<?xml version="1.0" encoding="UTF-8"?>
<!-- Generated by org.testng.reporters.JUnitReportReporter -->
<testsuite skipped="0" hostname="DESKTOP-7LAVJF7" name="TestCases.DropdownPractice" tests="1" failures="0" timestamp="21 Jul 2020 06:27:12 GMT" time="25.809" errors="0">
  <testcase name="dropDownPractise" time="25.809" classname="TestCases.DropdownPractice"/>
</testsuite> <!-- TestCases.DropdownPractice -->
