<?xml version="1.0" encoding="UTF-8"?>
<!-- Generated by org.testng.reporters.JUnitReportReporter -->
<testsuite skipped="0" hostname="DESKTOP-7LAVJF7" name="HandleFailedTestCase.Sample" tests="1" failures="0" timestamp="01 Aug 2020 08:44:10 GMT" time="0.028" errors="0">
  <testcase name="testCase1" time="0.028" classname="HandleFailedTestCase.Sample"/>
</testsuite> <!-- HandleFailedTestCase.Sample -->
