<?xml version="1.0" encoding="UTF-8"?>
<!-- Generated by org.testng.reporters.JUnitReportReporter -->
<testsuite skipped="0" hostname="DESKTOP-7LAVJF7" name="TestCases.TestCase_WebTable_009" tests="1" failures="0" timestamp="22 Jul 2020 04:29:49 GMT" time="16.725" errors="0">
  <testcase name="webTableOperation" time="16.725" classname="TestCases.TestCase_WebTable_009"/>
</testsuite> <!-- TestCases.TestCase_WebTable_009 -->
