<?xml version="1.0" encoding="UTF-8"?>
<!-- Generated by org.testng.reporters.JUnitReportReporter -->
<testsuite skipped="0" hostname="DESKTOP-7LAVJF7" name="TestCases.iFRAME" tests="1" failures="0" timestamp="16 Jun 2020 07:17:10 GMT" time="11.665" errors="0">
  <testcase name="iFrameOperation" time="11.665" classname="TestCases.iFRAME"/>
</testsuite> <!-- TestCases.iFRAME -->
