<?xml version="1.0" encoding="UTF-8"?>
<!-- Generated by org.testng.reporters.JUnitReportReporter -->
<testsuite skipped="0" hostname="DESKTOP-7LAVJF7" name="TestCases.Alert" tests="1" failures="0" timestamp="23 Jul 2020 08:11:41 GMT" time="4.205" errors="0">
  <testcase name="moveToTheAlert" time="4.205" classname="TestCases.Alert"/>
</testsuite> <!-- TestCases.Alert -->
