<?xml version="1.0" encoding="UTF-8"?>
<!-- Generated by org.testng.reporters.JUnitReportReporter -->
<testsuite skipped="0" hostname="DESKTOP-7LAVJF7" name="TestCases.TestCase_HyperLink_001" tests="1" failures="0" timestamp="09 Jun 2020 05:11:11 GMT" time="1.213" errors="0">
  <testcase name="openHyperLink" time="1.213" classname="TestCases.TestCase_HyperLink_001"/>
</testsuite> <!-- TestCases.TestCase_HyperLink_001 -->
