<?xml version="1.0" encoding="UTF-8"?>
<!-- Generated by org.testng.reporters.JUnitReportReporter -->
<testsuite skipped="0" hostname="DESKTOP-7LAVJF7" name="TestCases.Windows_TestCases_003" tests="1" failures="0" timestamp="16 Jun 2020 06:10:27 GMT" time="21.330" errors="0">
  <testcase name="WindowsHandleMethod" time="21.330" classname="TestCases.Windows_TestCases_003"/>
</testsuite> <!-- TestCases.Windows_TestCases_003 -->
