<?xml version="1.0" encoding="UTF-8"?>
<!-- Generated by org.testng.reporters.JUnitReportReporter -->
<testsuite skipped="0" hostname="DESKTOP-7LAVJF7" name="TestCases.Testcase_AutoCompletion_008" tests="1" failures="0" timestamp="23 Jul 2020 07:57:23 GMT" time="16.448" errors="0">
  <testcase name="autoComplitionOperation" time="16.448" classname="TestCases.Testcase_AutoCompletion_008"/>
</testsuite> <!-- TestCases.Testcase_AutoCompletion_008 -->
