<?xml version="1.0" encoding="UTF-8"?>
<!-- Generated by org.testng.reporters.JUnitReportReporter -->
<testsuite skipped="0" hostname="DESKTOP-7LAVJF7" name="TestCases.TestCase_DragAndDrop_007" tests="1" failures="0" timestamp="16 Jun 2020 09:32:58 GMT" time="15.311" errors="0">
  <testcase name="dragDropOperation" time="15.311" classname="TestCases.TestCase_DragAndDrop_007"/>
</testsuite> <!-- TestCases.TestCase_DragAndDrop_007 -->
