<?xml version="1.0" encoding="UTF-8"?>
<!-- Generated by org.testng.reporters.JUnitReportReporter -->
<testsuite skipped="0" hostname="DESKTOP-7LAVJF7" name="TestCases.PrintGoogleSearch" tests="1" failures="0" timestamp="17 Jun 2020 02:51:09 GMT" time="15.230" errors="0">
  <testcase name="printSuggestionOperation" time="15.230" classname="TestCases.PrintGoogleSearch"/>
</testsuite> <!-- TestCases.PrintGoogleSearch -->
