<?xml version="1.0" encoding="UTF-8"?>
<!-- Generated by org.testng.reporters.JUnitReportReporter -->
<testsuite skipped="0" hostname="DESKTOP-7LAVJF7" name="TestCases.TestCase_ButtonCheck_003" tests="1" failures="0" timestamp="15 Jun 2020 03:41:46 GMT" time="0.622" errors="0">
  <testcase name="buttonsPerform" time="0.622" classname="TestCases.TestCase_ButtonCheck_003"/>
</testsuite> <!-- TestCases.TestCase_ButtonCheck_003 -->
