<?xml version="1.0" encoding="UTF-8"?>
<!-- Generated by org.testng.reporters.JUnitReportReporter -->
<testsuite skipped="0" hostname="DESKTOP-7LAVJF7" name="TestCases.GetScreenshotInRobot" tests="1" failures="0" timestamp="21 Jul 2020 06:03:26 GMT" time="33.012" errors="0">
  <testcase name="getScreenshotOperation" time="33.012" classname="TestCases.GetScreenshotInRobot"/>
</testsuite> <!-- TestCases.GetScreenshotInRobot -->
