<?xml version="1.0" encoding="UTF-8"?>
<!-- Generated by org.testng.reporters.JUnitReportReporter -->
<testsuite skipped="0" hostname="DESKTOP-7LAVJF7" name="TestCases.TestCase_EditText_002" tests="1" failures="0" timestamp="09 Jun 2020 06:03:04 GMT" time="1.179" errors="0">
  <testcase name="editText" time="1.179" classname="TestCases.TestCase_EditText_002"/>
</testsuite> <!-- TestCases.TestCase_EditText_002 -->
